[02:26:06] [main/INFO]: ModLauncher running: args [--username, LilNibblez, --version, 1.21.1, --gameDir, C:\Users\Meep\AppData\Roaming\ModrinthApp\profiles\NeoForge 1.21.1, --assetsDir, C:\Users\Meep\AppData\Roaming\ModrinthApp\meta\assets, --assetIndex, 17, --uuid, 1a350e8398324d9ab64c9a1355d4dc7e, --accessToken, ❄❄❄❄❄❄❄❄, --clientId, c4502edb-87c6-40cb-b595-64a280cf8906, --xuid, 0, --userType, msa, --versionType, release, --width, 854, --height, 480, --fml.neoForgeVersion, 21.1.227, --fml.fmlVersion, 4.0.42, --fml.mcVersion, 1.21.1, --fml.neoFormVersion, 20240808.144430, --launchTarget, forgeclient]
[02:26:06] [main/INFO]: JVM identified as Azul Systems, Inc. OpenJDK 64-Bit Server VM 21.0.11+10-LTS
[02:26:06] [main/INFO]: ModLauncher 11.0.5+main.901c6ea8 starting: java version 21.0.11 by Azul Systems, Inc.; OS Windows 11 arch amd64 version 10.0
[02:26:06] [main/INFO]: Loading ImmediateWindowProvider fmlearlywindow
[02:26:06] [main/INFO]: Trying GL version 4.6
[02:26:06] [main/INFO]: Requested GL version 4.6 got version 4.6
[02:26:06] [main/INFO]: SpongePowered MIXIN Subsystem Version=0.8.7 Source=union:/C:/Users/Meep/AppData/Roaming/ModrinthApp/meta/libraries/net/fabricmc/sponge-mixin/0.15.2+mixin.0.8.7/sponge-mixin-0.15.2+mixin.0.8.7.jar%23166!/ Service=ModLauncher Env=CLIENT
[02:26:06] [pool-2-thread-1/INFO]: GL info: NVIDIA GeForce RTX 4090/PCIe/SSE2 GL version 4.6.0 NVIDIA 591.86, NVIDIA Corporation
[02:26:07] [main/INFO]: Found mod file "client-1.21.1-20240808.144430-srg.jar" [locator: production client provider +net.neoforged:neoforge:21.1.227:client]
[02:26:07] [main/INFO]: Found mod file "neoforge-21.1.227-universal.jar" [locator: PathBasedLocator[name=neoforge, paths=[C:\Users\Meep\AppData\Roaming\ModrinthApp\meta\libraries\net\neoforged\neoforge\21.1.227\neoforge-21.1.227-universal.jar]], reader: mod manifest]
[02:26:07] [main/INFO]: Found mod file "etched-5.0.1.jar" [locator: {mods folder locator at C:\Users\Meep\AppData\Roaming\ModrinthApp\profiles\NeoForge 1.21.1\mods}, reader: mod manifest]
[02:26:07] [main/INFO]: Found library file "kotlinforforge-5.11.0-all.jar" [locator: {mods folder locator at C:\Users\Meep\AppData\Roaming\ModrinthApp\profiles\NeoForge 1.21.1\mods}, reader: mod manifest]
[02:26:07] [main/INFO]: Found mod file "musync-neoforge-1.21.1+1.9.2.jar" [locator: {mods folder locator at C:\Users\Meep\AppData\Roaming\ModrinthApp\profiles\NeoForge 1.21.1\mods}, reader: mod manifest]
[02:26:07] [main/INFO]: Found 14 dependencies adding them to mods collection
[02:26:07] [main/INFO]: Found gamelibrary file "mixinextras-neoforge-0.5.3.jar" [parent: neoforge-21.1.227-universal.jar, locator: jarinjar, reader: mod manifest]
[02:26:07] [main/INFO]: Found library file "kotlinx-coroutines-jdk8-1.10.2.jar" [parent: kotlinforforge-5.11.0-all.jar, locator: jarinjar]
[02:26:07] [main/INFO]: Found library file "jlayer-1.0.3.jar" [parent: etched-5.0.1.jar, locator: jarinjar]
[02:26:07] [main/INFO]: Found library file "net.neoforged.neoforge-coremods-21.1.227.jar" [parent: neoforge-21.1.227-universal.jar, locator: jarinjar, reader: mod manifest]
[02:26:07] [main/INFO]: Found library file "kotlin-stdlib-jdk7-2.3.0.jar" [parent: kotlinforforge-5.11.0-all.jar, locator: jarinjar]
[02:26:07] [main/INFO]: Found library file "thedarkcolour.kfflang-5.11.0.jar" [parent: kotlinforforge-5.11.0-all.jar, locator: jarinjar, reader: mod manifest]
[02:26:07] [main/INFO]: Found library file "kotlin-stdlib-jdk8-2.3.0.jar" [parent: kotlinforforge-5.11.0-all.jar, locator: jarinjar]
[02:26:07] [main/INFO]: Found gamelibrary file "thedarkcolour.kfflib-5.11.0.jar" [parent: kotlinforforge-5.11.0-all.jar, locator: jarinjar, reader: mod manifest]
[02:26:07] [main/INFO]: Found library file "kotlinx-serialization-core-jvm-1.9.0.jar" [parent: kotlinforforge-5.11.0-all.jar, locator: jarinjar]
[02:26:07] [main/INFO]: Found mod file "thedarkcolour.kffmod-5.11.0.jar" [parent: kotlinforforge-5.11.0-all.jar, locator: jarinjar, reader: mod manifest]
[02:26:07] [main/INFO]: Found library file "kotlin-stdlib-2.3.0.jar" [parent: kotlinforforge-5.11.0-all.jar, locator: jarinjar]
[02:26:07] [main/INFO]: Found library file "kotlin-reflect-2.3.0.jar" [parent: kotlinforforge-5.11.0-all.jar, locator: jarinjar]
[02:26:07] [main/INFO]: Found library file "kotlinx-serialization-json-jvm-1.9.0.jar" [parent: kotlinforforge-5.11.0-all.jar, locator: jarinjar]
[02:26:07] [main/INFO]: Found library file "kotlinx-coroutines-core-jvm-1.10.2.jar" [parent: kotlinforforge-5.11.0-all.jar, locator: jarinjar]
[02:26:07] [main/INFO]: 
     Mod List:
		Name Version (Mod Id)

		Etched 5.0.1 (etched)
		Kotlin For Forge 5.11.0 (kotlinforforge)
		Minecraft 1.21.1 (minecraft)
		MuSync 1.9.2 (musync)
		NeoForge 21.1.227 (neoforge)
[02:26:07] [main/INFO]: Compatibility level set to JAVA_21
[02:26:07] [main/INFO]: Launching target 'forgeclient' with arguments [--version, 1.21.1, --gameDir, C:\Users\Meep\AppData\Roaming\ModrinthApp\profiles\NeoForge 1.21.1, --assetsDir, C:\Users\Meep\AppData\Roaming\ModrinthApp\meta\assets, --uuid, 1a350e8398324d9ab64c9a1355d4dc7e, --username, LilNibblez, --assetIndex, 17, --accessToken, ❄❄❄❄❄❄❄❄, --clientId, c4502edb-87c6-40cb-b595-64a280cf8906, --xuid, 0, --userType, msa, --versionType, release, --width, 854, --height, 480]
[22Apr2026 02:26:09.630] [Datafixer Bootstrap/INFO] [com.mojang.datafixers.DataFixerBuilder/]: 229 Datafixer optimizations took 192 milliseconds
[22Apr2026 02:26:09.820] [pool-9-thread-1/INFO] [MixinExtras|Service/]: Initializing MixinExtras via com.llamalad7.mixinextras.service.MixinExtrasServiceImpl(version=0.5.3).
[22Apr2026 02:26:13.104] [Render thread/WARN] [net.minecraft.server.packs.VanillaPackResourcesBuilder/]: Assets URL 'union:/C:/Users/Meep/AppData/Roaming/ModrinthApp/meta/libraries/net/minecraft/client/1.21.1-20240808.144430/client-1.21.1-20240808.144430-srg.jar%23193!/assets/.mcassetsroot' uses unexpected schema
[22Apr2026 02:26:13.105] [Render thread/WARN] [net.minecraft.server.packs.VanillaPackResourcesBuilder/]: Assets URL 'union:/C:/Users/Meep/AppData/Roaming/ModrinthApp/meta/libraries/net/minecraft/client/1.21.1-20240808.144430/client-1.21.1-20240808.144430-srg.jar%23193!/data/.mcassetsroot' uses unexpected schema
[22Apr2026 02:26:13.132] [Render thread/INFO] [com.mojang.authlib.yggdrasil.YggdrasilAuthenticationService/]: Environment: Environment[sessionHost=https://sessionserver.mojang.com, servicesHost=https://api.minecraftservices.com, name=PROD]
[22Apr2026 02:26:13.137] [Render thread/INFO] [net.minecraft.client.Minecraft/]: Setting user: LilNibblez
[22Apr2026 02:26:13.184] [Render thread/INFO] [net.minecraft.client.Minecraft/]: Backend library: LWJGL version 3.3.3+5
[22Apr2026 02:26:13.456] [modloading-worker-0/INFO] [net.neoforged.neoforge.common.NeoForgeMod/NEOFORGE-MOD]: NeoForge mod loading, version 21.1.227, for MC 1.21.1
[22Apr2026 02:26:13.606] [modloading-worker-0/INFO] [thedarkcolour.kotlinforforge.neoforge.test.KotlinForForge/]: Kotlin For Forge Enabled!
[22Apr2026 02:26:13.612] [modloading-worker-0/INFO] [MuSync/]: MuSync has been initialized.
[22Apr2026 02:26:14.290] [Render thread/INFO] [net.minecraft.server.packs.resources.ReloadableResourceManager/]: Reloading ResourceManager: vanilla, mod_resources, mod/musync, mod/kotlinforforge, mod/etched, mod/neoforge
[22Apr2026 02:26:14.456] [Worker-Main-11/INFO] [net.minecraft.client.gui.font.providers.UnihexProvider/]: Found unifont_all_no_pua-15.1.05.hex, loading
[22Apr2026 02:26:14.456] [Worker-Main-4/INFO] [net.minecraft.client.gui.font.providers.UnihexProvider/]: Found unifont_jp_patch-15.1.05.hex, loading
[22Apr2026 02:26:15.465] [Render thread/WARN] [net.minecraft.client.sounds.SoundEngine/]: Missing sound for event: minecraft:item.goat_horn.play
[22Apr2026 02:26:15.465] [Render thread/WARN] [net.minecraft.client.sounds.SoundEngine/]: Missing sound for event: minecraft:entity.goat.screaming.horn_break
[22Apr2026 02:26:15.552] [Render thread/INFO] [com.mojang.blaze3d.audio.Library/]: OpenAL initialized on device OpenAL Soft on Headphones (Elgato Wave:3)
[22Apr2026 02:26:15.552] [Render thread/INFO] [net.minecraft.client.sounds.SoundEngine/SOUNDS]: Sound engine started
[22Apr2026 02:26:15.628] [Render thread/INFO] [net.minecraft.client.renderer.texture.TextureAtlas/]: Created: 1024x512x4 minecraft:textures/atlas/blocks.png-atlas
[22Apr2026 02:26:15.634] [Render thread/INFO] [net.minecraft.client.renderer.texture.TextureAtlas/]: Created: 256x256x4 minecraft:textures/atlas/signs.png-atlas
[22Apr2026 02:26:15.634] [Render thread/INFO] [net.minecraft.client.renderer.texture.TextureAtlas/]: Created: 512x512x4 minecraft:textures/atlas/shield_patterns.png-atlas
[22Apr2026 02:26:15.634] [Render thread/INFO] [net.minecraft.client.renderer.texture.TextureAtlas/]: Created: 512x512x4 minecraft:textures/atlas/banner_patterns.png-atlas
[22Apr2026 02:26:15.636] [Render thread/INFO] [net.minecraft.client.renderer.texture.TextureAtlas/]: Created: 1024x1024x4 minecraft:textures/atlas/armor_trims.png-atlas
[22Apr2026 02:26:15.637] [Render thread/INFO] [net.minecraft.client.renderer.texture.TextureAtlas/]: Created: 256x256x4 minecraft:textures/atlas/chest.png-atlas
[22Apr2026 02:26:15.638] [Render thread/INFO] [net.minecraft.client.renderer.texture.TextureAtlas/]: Created: 128x64x4 minecraft:textures/atlas/decorated_pot.png-atlas
[22Apr2026 02:26:15.639] [Render thread/INFO] [net.minecraft.client.renderer.texture.TextureAtlas/]: Created: 512x256x4 minecraft:textures/atlas/beds.png-atlas
[22Apr2026 02:26:15.639] [Render thread/INFO] [net.minecraft.client.renderer.texture.TextureAtlas/]: Created: 512x256x4 minecraft:textures/atlas/shulker_boxes.png-atlas
[22Apr2026 02:26:15.694] [Render thread/INFO] [net.minecraft.client.renderer.texture.TextureAtlas/]: Created: 512x256x0 minecraft:textures/atlas/particles.png-atlas
[22Apr2026 02:26:15.695] [Render thread/INFO] [net.minecraft.client.renderer.texture.TextureAtlas/]: Created: 512x256x0 minecraft:textures/atlas/paintings.png-atlas
[22Apr2026 02:26:15.695] [Render thread/INFO] [net.minecraft.client.renderer.texture.TextureAtlas/]: Created: 256x128x0 minecraft:textures/atlas/mob_effects.png-atlas
[22Apr2026 02:26:15.695] [Render thread/INFO] [net.minecraft.client.renderer.texture.TextureAtlas/]: Created: 64x64x0 minecraft:textures/atlas/map_decorations.png-atlas
[22Apr2026 02:26:15.695] [Render thread/INFO] [net.minecraft.client.renderer.texture.TextureAtlas/]: Created: 1024x512x0 minecraft:textures/atlas/gui.png-atlas
[22Apr2026 02:26:15.711] [Render thread/WARN] [net.minecraft.client.renderer.ShaderInstance/]: Shader rendertype_entity_translucent_emissive could not find sampler named Sampler2 in the specified shader program.
[22Apr2026 02:26:15.759] [Render thread/INFO] [net.neoforged.neoforge.client.entity.animation.json.AnimationLoader/]: Loaded 0 entity animations
[22Apr2026 02:26:21.049] [Render thread/INFO] [net.minecraft.world.item.crafting.RecipeManager/]: Loaded 1301 recipes
[22Apr2026 02:26:21.135] [Render thread/INFO] [net.minecraft.advancements.AdvancementTree/]: Loaded 1407 advancements
[22Apr2026 02:26:24.441] [Render thread/ERROR] [net.neoforged.bus.EventBus/EVENTBUS]: Exception caught during firing event: org/bytedeco/ffmpeg/avutil/AVRational
	Index: 1
	Listeners:
		0: net.neoforged.neoforge.client.ClientNeoForgeMod$$Lambda/0x000002a701dffc50@21d5a30e
		1: dev.mcrib884.musync.MuSyncNeoForge$$Lambda/0x000002a701eb6750@2d9d7462
		2: gg.moonflower.etched.client.render.item.AlbumCoverItemRenderer$$Lambda/0x000002a7020115c8@422ba9b7
java.lang.NoClassDefFoundError: org/bytedeco/ffmpeg/avutil/AVRational
	at TRANSFORMER/musync@1.9.2/dev.mcrib884.musync.client.CustomTrackPlayer.<clinit>(CustomTrackPlayer.kt:1185)
	at TRANSFORMER/musync@1.9.2/dev.mcrib884.musync.client.ClientMusicPlayer.fullReset(ClientMusicPlayer.kt:728)
	at TRANSFORMER/musync@1.9.2/dev.mcrib884.musync.MuSyncNeoForge._init_$lambda$13(MuSyncNeoForge.kt:108)
	at MC-BOOTSTRAP/net.neoforged.bus/net.neoforged.bus.ConsumerEventHandler.invoke(ConsumerEventHandler.java:27)
	at MC-BOOTSTRAP/net.neoforged.bus/net.neoforged.bus.EventBus.post(EventBus.java:360)
	at MC-BOOTSTRAP/net.neoforged.bus/net.neoforged.bus.EventBus.post(EventBus.java:328)
	at TRANSFORMER/neoforge@21.1.227/net.neoforged.neoforge.client.ClientHooks.firePlayerLogout(ClientHooks.java:727)
	at TRANSFORMER/minecraft@1.21.1/net.minecraft.client.Minecraft.disconnect(Minecraft.java:2152)
	at TRANSFORMER/minecraft@1.21.1/net.minecraft.client.Minecraft.disconnect(Minecraft.java:2127)
	at TRANSFORMER/minecraft@1.21.1/net.minecraft.client.Minecraft.doWorldLoad(Minecraft.java:2055)
	at TRANSFORMER/minecraft@1.21.1/net.minecraft.client.gui.screens.worldselection.WorldOpenFlows.createLevelFromExistingSettings(WorldOpenFlows.java:137)
	at TRANSFORMER/minecraft@1.21.1/net.minecraft.client.gui.screens.worldselection.CreateWorldScreen.createNewWorld(CreateWorldScreen.java:253)
	at TRANSFORMER/minecraft@1.21.1/net.minecraft.client.gui.screens.worldselection.CreateWorldScreen.lambda$onCreate$6(CreateWorldScreen.java:233)
	at TRANSFORMER/minecraft@1.21.1/net.minecraft.client.gui.screens.worldselection.WorldOpenFlows.confirmWorldCreation(WorldOpenFlows.java:237)
	at TRANSFORMER/minecraft@1.21.1/net.minecraft.client.gui.screens.worldselection.CreateWorldScreen.onCreate(CreateWorldScreen.java:229)
	at TRANSFORMER/minecraft@1.21.1/net.minecraft.client.gui.screens.worldselection.CreateWorldScreen.lambda$init$3(CreateWorldScreen.java:186)
	at TRANSFORMER/minecraft@1.21.1/net.minecraft.client.gui.components.Button.onPress(Button.java:41)
	at TRANSFORMER/minecraft@1.21.1/net.minecraft.client.gui.components.AbstractButton.onClick(AbstractButton.java:47)
	at TRANSFORMER/neoforge@21.1.227/net.neoforged.neoforge.client.extensions.IAbstractWidgetExtension.onClick(IAbstractWidgetExtension.java:36)
	at TRANSFORMER/minecraft@1.21.1/net.minecraft.client.gui.components.AbstractWidget.mouseClicked(AbstractWidget.java:144)
	at TRANSFORMER/minecraft@1.21.1/net.minecraft.client.gui.components.events.ContainerEventHandler.mouseClicked(ContainerEventHandler.java:38)
	at TRANSFORMER/minecraft@1.21.1/net.minecraft.client.MouseHandler.lambda$onPress$0(MouseHandler.java:98)
	at TRANSFORMER/minecraft@1.21.1/net.minecraft.client.gui.screens.Screen.wrapScreenError(Screen.java:451)
	at TRANSFORMER/minecraft@1.21.1/net.minecraft.client.MouseHandler.onPress(MouseHandler.java:95)
	at TRANSFORMER/minecraft@1.21.1/net.minecraft.client.MouseHandler.lambda$setup$4(MouseHandler.java:202)
	at TRANSFORMER/minecraft@1.21.1/net.minecraft.util.thread.BlockableEventLoop.execute(BlockableEventLoop.java:98)
	at TRANSFORMER/minecraft@1.21.1/net.minecraft.client.MouseHandler.lambda$setup$5(MouseHandler.java:202)
	at MC-BOOTSTRAP/org.lwjgl.glfw@3.3.3+5/org.lwjgl.glfw.GLFWMouseButtonCallbackI.callback(GLFWMouseButtonCallbackI.java:43)
	at MC-BOOTSTRAP/org.lwjgl@3.3.3+5/org.lwjgl.system.JNI.invokeV(Native Method)
	at MC-BOOTSTRAP/org.lwjgl.glfw@3.3.3+5/org.lwjgl.glfw.GLFW.glfwWaitEventsTimeout(GLFW.java:3509)
	at TRANSFORMER/minecraft@1.21.1/com.mojang.blaze3d.systems.RenderSystem.limitDisplayFPS(RenderSystem.java:162)
	at TRANSFORMER/minecraft@1.21.1/net.minecraft.client.Minecraft.runTick(Minecraft.java:1220)
	at TRANSFORMER/minecraft@1.21.1/net.minecraft.client.Minecraft.run(Minecraft.java:807)
	at TRANSFORMER/minecraft@1.21.1/net.minecraft.client.main.Main.main(Main.java:230)
	at java.base/jdk.internal.reflect.DirectMethodHandleAccessor.invoke(Unknown Source)
	at java.base/java.lang.reflect.Method.invoke(Unknown Source)
	at MC-BOOTSTRAP/fml_loader@4.0.42/net.neoforged.fml.loading.targets.CommonLaunchHandler.runTarget(CommonLaunchHandler.java:136)
	at MC-BOOTSTRAP/fml_loader@4.0.42/net.neoforged.fml.loading.targets.CommonLaunchHandler.clientService(CommonLaunchHandler.java:124)
	at MC-BOOTSTRAP/fml_loader@4.0.42/net.neoforged.fml.loading.targets.CommonClientLaunchHandler.runService(CommonClientLaunchHandler.java:32)
	at MC-BOOTSTRAP/fml_loader@4.0.42/net.neoforged.fml.loading.targets.CommonLaunchHandler.lambda$launchService$4(CommonLaunchHandler.java:118)
	at MC-BOOTSTRAP/cpw.mods.modlauncher@11.0.5/cpw.mods.modlauncher.LaunchServiceHandlerDecorator.launch(LaunchServiceHandlerDecorator.java:30)
	at MC-BOOTSTRAP/cpw.mods.modlauncher@11.0.5/cpw.mods.modlauncher.LaunchServiceHandler.launch(LaunchServiceHandler.java:53)
	at MC-BOOTSTRAP/cpw.mods.modlauncher@11.0.5/cpw.mods.modlauncher.LaunchServiceHandler.launch(LaunchServiceHandler.java:71)
	at MC-BOOTSTRAP/cpw.mods.modlauncher@11.0.5/cpw.mods.modlauncher.Launcher.run(Launcher.java:103)
	at MC-BOOTSTRAP/cpw.mods.modlauncher@11.0.5/cpw.mods.modlauncher.Launcher.main(Launcher.java:74)
	at MC-BOOTSTRAP/cpw.mods.modlauncher@11.0.5/cpw.mods.modlauncher.BootstrapLaunchConsumer.accept(BootstrapLaunchConsumer.java:26)
	at MC-BOOTSTRAP/cpw.mods.modlauncher@11.0.5/cpw.mods.modlauncher.BootstrapLaunchConsumer.accept(BootstrapLaunchConsumer.java:23)
	at cpw.mods.bootstraplauncher@2.0.2/cpw.mods.bootstraplauncher.BootstrapLauncher.run(BootstrapLauncher.java:210)
	at cpw.mods.bootstraplauncher@2.0.2/cpw.mods.bootstraplauncher.BootstrapLauncher.main(BootstrapLauncher.java:69)
	at java.base/jdk.internal.reflect.DirectMethodHandleAccessor.invoke(Unknown Source)
	at java.base/java.lang.reflect.Method.invoke(Unknown Source)
	at com.modrinth.theseus.MinecraftLaunch.relaunch(MinecraftLaunch.java:63)
	at com.modrinth.theseus.MinecraftLaunch.main(MinecraftLaunch.java:28)
Caused by: java.lang.ClassNotFoundException: org.bytedeco.ffmpeg.avutil.AVRational
	at java.base/jdk.internal.loader.BuiltinClassLoader.loadClass(Unknown Source)
	at java.base/java.lang.ClassLoader.loadClass(Unknown Source)
	at cpw.mods.securejarhandler/cpw.mods.cl.ModuleClassLoader.loadClass(ModuleClassLoader.java:216)
	at java.base/java.lang.ClassLoader.loadClass(Unknown Source)
	at cpw.mods.securejarhandler/cpw.mods.cl.ModuleClassLoader.loadClass(ModuleClassLoader.java:216)
	at java.base/java.lang.ClassLoader.loadClass(Unknown Source)
	... 53 more

[22Apr2026 02:26:24.481] [Render thread/ERROR] [net.minecraft.client.Minecraft/FATAL]: Reported exception thrown!
net.minecraft.ReportedException: mouseClicked event handler
	at TRANSFORMER/minecraft@1.21.1/net.minecraft.client.gui.screens.Screen.wrapScreenError(Screen.java:456) ~[client-1.21.1-20240808.144430-srg.jar%23193!/:?]
	at TRANSFORMER/minecraft@1.21.1/net.minecraft.client.MouseHandler.onPress(MouseHandler.java:95) ~[client-1.21.1-20240808.144430-srg.jar%23193!/:?]
	at TRANSFORMER/minecraft@1.21.1/net.minecraft.client.MouseHandler.lambda$setup$4(MouseHandler.java:202) ~[client-1.21.1-20240808.144430-srg.jar%23193!/:?]
	at TRANSFORMER/minecraft@1.21.1/net.minecraft.util.thread.BlockableEventLoop.execute(BlockableEventLoop.java:98) ~[client-1.21.1-20240808.144430-srg.jar%23193!/:?]
	at TRANSFORMER/minecraft@1.21.1/net.minecraft.client.MouseHandler.lambda$setup$5(MouseHandler.java:202) ~[client-1.21.1-20240808.144430-srg.jar%23193!/:?]
	at MC-BOOTSTRAP/org.lwjgl.glfw@3.3.3+5/org.lwjgl.glfw.GLFWMouseButtonCallbackI.callback(GLFWMouseButtonCallbackI.java:43) ~[lwjgl-glfw-3.3.3.jar%23136!/:build 5]
	at MC-BOOTSTRAP/org.lwjgl@3.3.3+5/org.lwjgl.system.JNI.invokeV(Native Method) ~[lwjgl-3.3.3.jar%23148!/:build 5]
	at MC-BOOTSTRAP/org.lwjgl.glfw@3.3.3+5/org.lwjgl.glfw.GLFW.glfwWaitEventsTimeout(GLFW.java:3509) ~[lwjgl-glfw-3.3.3.jar%23136!/:build 5]
	at TRANSFORMER/minecraft@1.21.1/com.mojang.blaze3d.systems.RenderSystem.limitDisplayFPS(RenderSystem.java:162) ~[client-1.21.1-20240808.144430-srg.jar%23193!/:?]
	at TRANSFORMER/minecraft@1.21.1/net.minecraft.client.Minecraft.runTick(Minecraft.java:1220) ~[client-1.21.1-20240808.144430-srg.jar%23193!/:?]
	at TRANSFORMER/minecraft@1.21.1/net.minecraft.client.Minecraft.run(Minecraft.java:807) ~[client-1.21.1-20240808.144430-srg.jar%23193!/:?]
	at TRANSFORMER/minecraft@1.21.1/net.minecraft.client.main.Main.main(Main.java:230) ~[client-1.21.1-20240808.144430-srg.jar%23193!/:?]
	at java.base/jdk.internal.reflect.DirectMethodHandleAccessor.invoke(Unknown Source) ~[?:?]
	at java.base/java.lang.reflect.Method.invoke(Unknown Source) ~[?:?]
	at MC-BOOTSTRAP/fml_loader@4.0.42/net.neoforged.fml.loading.targets.CommonLaunchHandler.runTarget(CommonLaunchHandler.java:136) ~[loader-4.0.42.jar%23152!/:4.0]
	at MC-BOOTSTRAP/fml_loader@4.0.42/net.neoforged.fml.loading.targets.CommonLaunchHandler.clientService(CommonLaunchHandler.java:124) ~[loader-4.0.42.jar%23152!/:4.0]
	at MC-BOOTSTRAP/fml_loader@4.0.42/net.neoforged.fml.loading.targets.CommonClientLaunchHandler.runService(CommonClientLaunchHandler.java:32) ~[loader-4.0.42.jar%23152!/:4.0]
	at MC-BOOTSTRAP/fml_loader@4.0.42/net.neoforged.fml.loading.targets.CommonLaunchHandler.lambda$launchService$4(CommonLaunchHandler.java:118) ~[loader-4.0.42.jar%23152!/:4.0]
	at MC-BOOTSTRAP/cpw.mods.modlauncher@11.0.5/cpw.mods.modlauncher.LaunchServiceHandlerDecorator.launch(LaunchServiceHandlerDecorator.java:30) [modlauncher-11.0.5.jar%23157!/:?]
	at MC-BOOTSTRAP/cpw.mods.modlauncher@11.0.5/cpw.mods.modlauncher.LaunchServiceHandler.launch(LaunchServiceHandler.java:53) [modlauncher-11.0.5.jar%23157!/:?]
	at MC-BOOTSTRAP/cpw.mods.modlauncher@11.0.5/cpw.mods.modlauncher.LaunchServiceHandler.launch(LaunchServiceHandler.java:71) [modlauncher-11.0.5.jar%23157!/:?]
	at MC-BOOTSTRAP/cpw.mods.modlauncher@11.0.5/cpw.mods.modlauncher.Launcher.run(Launcher.java:103) [modlauncher-11.0.5.jar%23157!/:?]
	at MC-BOOTSTRAP/cpw.mods.modlauncher@11.0.5/cpw.mods.modlauncher.Launcher.main(Launcher.java:74) [modlauncher-11.0.5.jar%23157!/:?]
	at MC-BOOTSTRAP/cpw.mods.modlauncher@11.0.5/cpw.mods.modlauncher.BootstrapLaunchConsumer.accept(BootstrapLaunchConsumer.java:26) [modlauncher-11.0.5.jar%23157!/:?]
	at MC-BOOTSTRAP/cpw.mods.modlauncher@11.0.5/cpw.mods.modlauncher.BootstrapLaunchConsumer.accept(BootstrapLaunchConsumer.java:23) [modlauncher-11.0.5.jar%23157!/:?]
	at cpw.mods.bootstraplauncher@2.0.2/cpw.mods.bootstraplauncher.BootstrapLauncher.run(BootstrapLauncher.java:210) [bootstraplauncher-2.0.2.jar:?]
	at cpw.mods.bootstraplauncher@2.0.2/cpw.mods.bootstraplauncher.BootstrapLauncher.main(BootstrapLauncher.java:69) [bootstraplauncher-2.0.2.jar:?]
	at java.base/jdk.internal.reflect.DirectMethodHandleAccessor.invoke(Unknown Source) ~[?:?]
	at java.base/java.lang.reflect.Method.invoke(Unknown Source) ~[?:?]
	at com.modrinth.theseus.MinecraftLaunch.relaunch(MinecraftLaunch.java:63) [theseus.jar:?]
	at com.modrinth.theseus.MinecraftLaunch.main(MinecraftLaunch.java:28) [theseus.jar:?]
Caused by: java.lang.NoClassDefFoundError: org/bytedeco/ffmpeg/avutil/AVRational
	at TRANSFORMER/musync@1.9.2/dev.mcrib884.musync.client.CustomTrackPlayer.<clinit>(CustomTrackPlayer.kt:1185) ~[musync-neoforge-1.21.1+1.9.2.jar%23197!/:?]
	at TRANSFORMER/musync@1.9.2/dev.mcrib884.musync.client.ClientMusicPlayer.fullReset(ClientMusicPlayer.kt:728) ~[musync-neoforge-1.21.1+1.9.2.jar%23197!/:?]
	at TRANSFORMER/musync@1.9.2/dev.mcrib884.musync.MuSyncNeoForge._init_$lambda$13(MuSyncNeoForge.kt:108) ~[musync-neoforge-1.21.1+1.9.2.jar%23197!/:?]
	at MC-BOOTSTRAP/net.neoforged.bus/net.neoforged.bus.ConsumerEventHandler.invoke(ConsumerEventHandler.java:27) ~[bus-8.0.5.jar%23155!/:?]
	at MC-BOOTSTRAP/net.neoforged.bus/net.neoforged.bus.EventBus.post(EventBus.java:360) ~[bus-8.0.5.jar%23155!/:?]
	at MC-BOOTSTRAP/net.neoforged.bus/net.neoforged.bus.EventBus.post(EventBus.java:328) ~[bus-8.0.5.jar%23155!/:?]
	at TRANSFORMER/neoforge@21.1.227/net.neoforged.neoforge.client.ClientHooks.firePlayerLogout(ClientHooks.java:727) ~[neoforge-21.1.227-universal.jar%23194!/:?]
	at TRANSFORMER/minecraft@1.21.1/net.minecraft.client.Minecraft.disconnect(Minecraft.java:2152) ~[client-1.21.1-20240808.144430-srg.jar%23193!/:?]
	at TRANSFORMER/minecraft@1.21.1/net.minecraft.client.Minecraft.disconnect(Minecraft.java:2127) ~[client-1.21.1-20240808.144430-srg.jar%23193!/:?]
	at TRANSFORMER/minecraft@1.21.1/net.minecraft.client.Minecraft.doWorldLoad(Minecraft.java:2055) ~[client-1.21.1-20240808.144430-srg.jar%23193!/:?]
	at TRANSFORMER/minecraft@1.21.1/net.minecraft.client.gui.screens.worldselection.WorldOpenFlows.createLevelFromExistingSettings(WorldOpenFlows.java:137) ~[client-1.21.1-20240808.144430-srg.jar%23193!/:?]
	at TRANSFORMER/minecraft@1.21.1/net.minecraft.client.gui.screens.worldselection.CreateWorldScreen.createNewWorld(CreateWorldScreen.java:253) ~[client-1.21.1-20240808.144430-srg.jar%23193!/:?]
	at TRANSFORMER/minecraft@1.21.1/net.minecraft.client.gui.screens.worldselection.CreateWorldScreen.lambda$onCreate$6(CreateWorldScreen.java:233) ~[client-1.21.1-20240808.144430-srg.jar%23193!/:?]
	at TRANSFORMER/minecraft@1.21.1/net.minecraft.client.gui.screens.worldselection.WorldOpenFlows.confirmWorldCreation(WorldOpenFlows.java:237) ~[client-1.21.1-20240808.144430-srg.jar%23193!/:?]
	at TRANSFORMER/minecraft@1.21.1/net.minecraft.client.gui.screens.worldselection.CreateWorldScreen.onCreate(CreateWorldScreen.java:229) ~[client-1.21.1-20240808.144430-srg.jar%23193!/:?]
	at TRANSFORMER/minecraft@1.21.1/net.minecraft.client.gui.screens.worldselection.CreateWorldScreen.lambda$init$3(CreateWorldScreen.java:186) ~[client-1.21.1-20240808.144430-srg.jar%23193!/:?]
	at TRANSFORMER/minecraft@1.21.1/net.minecraft.client.gui.components.Button.onPress(Button.java:41) ~[client-1.21.1-20240808.144430-srg.jar%23193!/:?]
	at TRANSFORMER/minecraft@1.21.1/net.minecraft.client.gui.components.AbstractButton.onClick(AbstractButton.java:47) ~[client-1.21.1-20240808.144430-srg.jar%23193!/:?]
	at TRANSFORMER/neoforge@21.1.227/net.neoforged.neoforge.client.extensions.IAbstractWidgetExtension.onClick(IAbstractWidgetExtension.java:36) ~[neoforge-21.1.227-universal.jar%23194!/:?]
	at TRANSFORMER/minecraft@1.21.1/net.minecraft.client.gui.components.AbstractWidget.mouseClicked(AbstractWidget.java:144) ~[client-1.21.1-20240808.144430-srg.jar%23193!/:?]
	at TRANSFORMER/minecraft@1.21.1/net.minecraft.client.gui.components.events.ContainerEventHandler.mouseClicked(ContainerEventHandler.java:38) ~[client-1.21.1-20240808.144430-srg.jar%23193!/:?]
	at TRANSFORMER/minecraft@1.21.1/net.minecraft.client.MouseHandler.lambda$onPress$0(MouseHandler.java:98) ~[client-1.21.1-20240808.144430-srg.jar%23193!/:?]
	at TRANSFORMER/minecraft@1.21.1/net.minecraft.client.gui.screens.Screen.wrapScreenError(Screen.java:451) ~[client-1.21.1-20240808.144430-srg.jar%23193!/:?]
	... 30 more
Caused by: java.lang.ClassNotFoundException: org.bytedeco.ffmpeg.avutil.AVRational
	at java.base/jdk.internal.loader.BuiltinClassLoader.loadClass(Unknown Source) ~[?:?]
	at java.base/java.lang.ClassLoader.loadClass(Unknown Source) ~[?:?]
	at cpw.mods.securejarhandler/cpw.mods.cl.ModuleClassLoader.loadClass(ModuleClassLoader.java:216) ~[securejarhandler-3.0.8.jar:?]
	at java.base/java.lang.ClassLoader.loadClass(Unknown Source) ~[?:?]
	at cpw.mods.securejarhandler/cpw.mods.cl.ModuleClassLoader.loadClass(ModuleClassLoader.java:216) ~[securejarhandler-3.0.8.jar:?]
	at java.base/java.lang.ClassLoader.loadClass(Unknown Source) ~[?:?]
	at TRANSFORMER/musync@1.9.2/dev.mcrib884.musync.client.CustomTrackPlayer.<clinit>(CustomTrackPlayer.kt:1185) ~[musync-neoforge-1.21.1+1.9.2.jar%23197!/:?]
	at TRANSFORMER/musync@1.9.2/dev.mcrib884.musync.client.ClientMusicPlayer.fullReset(ClientMusicPlayer.kt:728) ~[musync-neoforge-1.21.1+1.9.2.jar%23197!/:?]
	at TRANSFORMER/musync@1.9.2/dev.mcrib884.musync.MuSyncNeoForge._init_$lambda$13(MuSyncNeoForge.kt:108) ~[musync-neoforge-1.21.1+1.9.2.jar%23197!/:?]
	at MC-BOOTSTRAP/net.neoforged.bus/net.neoforged.bus.ConsumerEventHandler.invoke(ConsumerEventHandler.java:27) ~[bus-8.0.5.jar%23155!/:?]
	at MC-BOOTSTRAP/net.neoforged.bus/net.neoforged.bus.EventBus.post(EventBus.java:360) ~[bus-8.0.5.jar%23155!/:?]
	at MC-BOOTSTRAP/net.neoforged.bus/net.neoforged.bus.EventBus.post(EventBus.java:328) ~[bus-8.0.5.jar%23155!/:?]
	at TRANSFORMER/neoforge@21.1.227/net.neoforged.neoforge.client.ClientHooks.firePlayerLogout(ClientHooks.java:727) ~[neoforge-21.1.227-universal.jar%23194!/:?]
	at TRANSFORMER/minecraft@1.21.1/net.minecraft.client.Minecraft.disconnect(Minecraft.java:2152) ~[client-1.21.1-20240808.144430-srg.jar%23193!/:?]
	at TRANSFORMER/minecraft@1.21.1/net.minecraft.client.Minecraft.disconnect(Minecraft.java:2127) ~[client-1.21.1-20240808.144430-srg.jar%23193!/:?]
	at TRANSFORMER/minecraft@1.21.1/net.minecraft.client.Minecraft.doWorldLoad(Minecraft.java:2055) ~[client-1.21.1-20240808.144430-srg.jar%23193!/:?]
	at TRANSFORMER/minecraft@1.21.1/net.minecraft.client.gui.screens.worldselection.WorldOpenFlows.createLevelFromExistingSettings(WorldOpenFlows.java:137) ~[client-1.21.1-20240808.144430-srg.jar%23193!/:?]
	at TRANSFORMER/minecraft@1.21.1/net.minecraft.client.gui.screens.worldselection.CreateWorldScreen.createNewWorld(CreateWorldScreen.java:253) ~[client-1.21.1-20240808.144430-srg.jar%23193!/:?]
	at TRANSFORMER/minecraft@1.21.1/net.minecraft.client.gui.screens.worldselection.CreateWorldScreen.lambda$onCreate$6(CreateWorldScreen.java:233) ~[client-1.21.1-20240808.144430-srg.jar%23193!/:?]
	at TRANSFORMER/minecraft@1.21.1/net.minecraft.client.gui.screens.worldselection.WorldOpenFlows.confirmWorldCreation(WorldOpenFlows.java:237) ~[client-1.21.1-20240808.144430-srg.jar%23193!/:?]
	at TRANSFORMER/minecraft@1.21.1/net.minecraft.client.gui.screens.worldselection.CreateWorldScreen.onCreate(CreateWorldScreen.java:229) ~[client-1.21.1-20240808.144430-srg.jar%23193!/:?]
	at TRANSFORMER/minecraft@1.21.1/net.minecraft.client.gui.screens.worldselection.CreateWorldScreen.lambda$init$3(CreateWorldScreen.java:186) ~[client-1.21.1-20240808.144430-srg.jar%23193!/:?]
	at TRANSFORMER/minecraft@1.21.1/net.minecraft.client.gui.components.Button.onPress(Button.java:41) ~[client-1.21.1-20240808.144430-srg.jar%23193!/:?]
	at TRANSFORMER/minecraft@1.21.1/net.minecraft.client.gui.components.AbstractButton.onClick(AbstractButton.java:47) ~[client-1.21.1-20240808.144430-srg.jar%23193!/:?]
	at TRANSFORMER/neoforge@21.1.227/net.neoforged.neoforge.client.extensions.IAbstractWidgetExtension.onClick(IAbstractWidgetExtension.java:36) ~[neoforge-21.1.227-universal.jar%23194!/:?]
	at TRANSFORMER/minecraft@1.21.1/net.minecraft.client.gui.components.AbstractWidget.mouseClicked(AbstractWidget.java:144) ~[client-1.21.1-20240808.144430-srg.jar%23193!/:?]
	at TRANSFORMER/minecraft@1.21.1/net.minecraft.client.gui.components.events.ContainerEventHandler.mouseClicked(ContainerEventHandler.java:38) ~[client-1.21.1-20240808.144430-srg.jar%23193!/:?]
	at TRANSFORMER/minecraft@1.21.1/net.minecraft.client.MouseHandler.lambda$onPress$0(MouseHandler.java:98) ~[client-1.21.1-20240808.144430-srg.jar%23193!/:?]
	at TRANSFORMER/minecraft@1.21.1/net.minecraft.client.gui.screens.Screen.wrapScreenError(Screen.java:451) ~[client-1.21.1-20240808.144430-srg.jar%23193!/:?]
	... 30 more
[22Apr2026 02:26:24.535] [Render thread/ERROR] [net.neoforged.bus.EventBus/EVENTBUS]: Exception caught during firing event: Could not initialize class dev.mcrib884.musync.client.CustomTrackPlayer
	Index: 1
	Listeners:
		0: net.neoforged.neoforge.client.ClientNeoForgeMod$$Lambda/0x000002a701dffc50@21d5a30e
		1: dev.mcrib884.musync.MuSyncNeoForge$$Lambda/0x000002a701eb6750@2d9d7462
		2: gg.moonflower.etched.client.render.item.AlbumCoverItemRenderer$$Lambda/0x000002a7020115c8@422ba9b7
java.lang.NoClassDefFoundError: Could not initialize class dev.mcrib884.musync.client.CustomTrackPlayer
	at TRANSFORMER/musync@1.9.2/dev.mcrib884.musync.client.ClientMusicPlayer.fullReset(ClientMusicPlayer.kt:728)
	at TRANSFORMER/musync@1.9.2/dev.mcrib884.musync.MuSyncNeoForge._init_$lambda$13(MuSyncNeoForge.kt:108)
	at MC-BOOTSTRAP/net.neoforged.bus/net.neoforged.bus.ConsumerEventHandler.invoke(ConsumerEventHandler.java:27)
	at MC-BOOTSTRAP/net.neoforged.bus/net.neoforged.bus.EventBus.post(EventBus.java:360)
	at MC-BOOTSTRAP/net.neoforged.bus/net.neoforged.bus.EventBus.post(EventBus.java:328)
	at TRANSFORMER/neoforge@21.1.227/net.neoforged.neoforge.client.ClientHooks.firePlayerLogout(ClientHooks.java:727)
	at TRANSFORMER/minecraft@1.21.1/net.minecraft.client.Minecraft.disconnect(Minecraft.java:2152)
	at TRANSFORMER/minecraft@1.21.1/net.minecraft.client.Minecraft.disconnect(Minecraft.java:2131)
	at TRANSFORMER/minecraft@1.21.1/net.minecraft.client.Minecraft.emergencySave(Minecraft.java:1367)
	at TRANSFORMER/minecraft@1.21.1/net.minecraft.client.Minecraft.emergencySaveAndCrash(Minecraft.java:869)
	at TRANSFORMER/minecraft@1.21.1/net.minecraft.client.Minecraft.run(Minecraft.java:825)
	at TRANSFORMER/minecraft@1.21.1/net.minecraft.client.main.Main.main(Main.java:230)
	at java.base/jdk.internal.reflect.DirectMethodHandleAccessor.invoke(Unknown Source)
	at java.base/java.lang.reflect.Method.invoke(Unknown Source)
	at MC-BOOTSTRAP/fml_loader@4.0.42/net.neoforged.fml.loading.targets.CommonLaunchHandler.runTarget(CommonLaunchHandler.java:136)
	at MC-BOOTSTRAP/fml_loader@4.0.42/net.neoforged.fml.loading.targets.CommonLaunchHandler.clientService(CommonLaunchHandler.java:124)
	at MC-BOOTSTRAP/fml_loader@4.0.42/net.neoforged.fml.loading.targets.CommonClientLaunchHandler.runService(CommonClientLaunchHandler.java:32)
	at MC-BOOTSTRAP/fml_loader@4.0.42/net.neoforged.fml.loading.targets.CommonLaunchHandler.lambda$launchService$4(CommonLaunchHandler.java:118)
	at MC-BOOTSTRAP/cpw.mods.modlauncher@11.0.5/cpw.mods.modlauncher.LaunchServiceHandlerDecorator.launch(LaunchServiceHandlerDecorator.java:30)
	at MC-BOOTSTRAP/cpw.mods.modlauncher@11.0.5/cpw.mods.modlauncher.LaunchServiceHandler.launch(LaunchServiceHandler.java:53)
	at MC-BOOTSTRAP/cpw.mods.modlauncher@11.0.5/cpw.mods.modlauncher.LaunchServiceHandler.launch(LaunchServiceHandler.java:71)
	at MC-BOOTSTRAP/cpw.mods.modlauncher@11.0.5/cpw.mods.modlauncher.Launcher.run(Launcher.java:103)
	at MC-BOOTSTRAP/cpw.mods.modlauncher@11.0.5/cpw.mods.modlauncher.Launcher.main(Launcher.java:74)
	at MC-BOOTSTRAP/cpw.mods.modlauncher@11.0.5/cpw.mods.modlauncher.BootstrapLaunchConsumer.accept(BootstrapLaunchConsumer.java:26)
	at MC-BOOTSTRAP/cpw.mods.modlauncher@11.0.5/cpw.mods.modlauncher.BootstrapLaunchConsumer.accept(BootstrapLaunchConsumer.java:23)
	at cpw.mods.bootstraplauncher@2.0.2/cpw.mods.bootstraplauncher.BootstrapLauncher.run(BootstrapLauncher.java:210)
	at cpw.mods.bootstraplauncher@2.0.2/cpw.mods.bootstraplauncher.BootstrapLauncher.main(BootstrapLauncher.java:69)
	at java.base/jdk.internal.reflect.DirectMethodHandleAccessor.invoke(Unknown Source)
	at java.base/java.lang.reflect.Method.invoke(Unknown Source)
	at com.modrinth.theseus.MinecraftLaunch.relaunch(MinecraftLaunch.java:63)
	at com.modrinth.theseus.MinecraftLaunch.main(MinecraftLaunch.java:28)
Caused by: java.lang.ExceptionInInitializerError: Exception java.lang.NoClassDefFoundError: org/bytedeco/ffmpeg/avutil/AVRational [in thread "Render thread"]
	at TRANSFORMER/musync@1.9.2/dev.mcrib884.musync.client.CustomTrackPlayer.<clinit>(CustomTrackPlayer.kt:1185)
	at TRANSFORMER/musync@1.9.2/dev.mcrib884.musync.client.ClientMusicPlayer.fullReset(ClientMusicPlayer.kt:728)
	at TRANSFORMER/musync@1.9.2/dev.mcrib884.musync.MuSyncNeoForge._init_$lambda$13(MuSyncNeoForge.kt:108)
	at MC-BOOTSTRAP/net.neoforged.bus/net.neoforged.bus.ConsumerEventHandler.invoke(ConsumerEventHandler.java:27)
	at MC-BOOTSTRAP/net.neoforged.bus/net.neoforged.bus.EventBus.post(EventBus.java:360)
	at MC-BOOTSTRAP/net.neoforged.bus/net.neoforged.bus.EventBus.post(EventBus.java:328)
	at TRANSFORMER/neoforge@21.1.227/net.neoforged.neoforge.client.ClientHooks.firePlayerLogout(ClientHooks.java:727)
	at TRANSFORMER/minecraft@1.21.1/net.minecraft.client.Minecraft.disconnect(Minecraft.java:2152)
	at TRANSFORMER/minecraft@1.21.1/net.minecraft.client.Minecraft.disconnect(Minecraft.java:2127)
	at TRANSFORMER/minecraft@1.21.1/net.minecraft.client.Minecraft.doWorldLoad(Minecraft.java:2055)
	at TRANSFORMER/minecraft@1.21.1/net.minecraft.client.gui.screens.worldselection.WorldOpenFlows.createLevelFromExistingSettings(WorldOpenFlows.java:137)
	at TRANSFORMER/minecraft@1.21.1/net.minecraft.client.gui.screens.worldselection.CreateWorldScreen.createNewWorld(CreateWorldScreen.java:253)
	at TRANSFORMER/minecraft@1.21.1/net.minecraft.client.gui.screens.worldselection.CreateWorldScreen.lambda$onCreate$6(CreateWorldScreen.java:233)
	at TRANSFORMER/minecraft@1.21.1/net.minecraft.client.gui.screens.worldselection.WorldOpenFlows.confirmWorldCreation(WorldOpenFlows.java:237)
	at TRANSFORMER/minecraft@1.21.1/net.minecraft.client.gui.screens.worldselection.CreateWorldScreen.onCreate(CreateWorldScreen.java:229)
	at TRANSFORMER/minecraft@1.21.1/net.minecraft.client.gui.screens.worldselection.CreateWorldScreen.lambda$init$3(CreateWorldScreen.java:186)
	at TRANSFORMER/minecraft@1.21.1/net.minecraft.client.gui.components.Button.onPress(Button.java:41)
	at TRANSFORMER/minecraft@1.21.1/net.minecraft.client.gui.components.AbstractButton.onClick(AbstractButton.java:47)
	at TRANSFORMER/neoforge@21.1.227/net.neoforged.neoforge.client.extensions.IAbstractWidgetExtension.onClick(IAbstractWidgetExtension.java:36)
	at TRANSFORMER/minecraft@1.21.1/net.minecraft.client.gui.components.AbstractWidget.mouseClicked(AbstractWidget.java:144)
	at TRANSFORMER/minecraft@1.21.1/net.minecraft.client.gui.components.events.ContainerEventHandler.mouseClicked(ContainerEventHandler.java:38)
	at TRANSFORMER/minecraft@1.21.1/net.minecraft.client.MouseHandler.lambda$onPress$0(MouseHandler.java:98)
	at TRANSFORMER/minecraft@1.21.1/net.minecraft.client.gui.screens.Screen.wrapScreenError(Screen.java:451)
	at TRANSFORMER/minecraft@1.21.1/net.minecraft.client.MouseHandler.onPress(MouseHandler.java:95)
	at TRANSFORMER/minecraft@1.21.1/net.minecraft.client.MouseHandler.lambda$setup$4(MouseHandler.java:202)
	at TRANSFORMER/minecraft@1.21.1/net.minecraft.util.thread.BlockableEventLoop.execute(BlockableEventLoop.java:98)
	at TRANSFORMER/minecraft@1.21.1/net.minecraft.client.MouseHandler.lambda$setup$5(MouseHandler.java:202)
	at MC-BOOTSTRAP/org.lwjgl.glfw@3.3.3+5/org.lwjgl.glfw.GLFWMouseButtonCallbackI.callback(GLFWMouseButtonCallbackI.java:43)
	at MC-BOOTSTRAP/org.lwjgl@3.3.3+5/org.lwjgl.system.JNI.invokeV(Native Method)
	at MC-BOOTSTRAP/org.lwjgl.glfw@3.3.3+5/org.lwjgl.glfw.GLFW.glfwWaitEventsTimeout(GLFW.java:3509)
	at TRANSFORMER/minecraft@1.21.1/com.mojang.blaze3d.systems.RenderSystem.limitDisplayFPS(RenderSystem.java:162)
	at TRANSFORMER/minecraft@1.21.1/net.minecraft.client.Minecraft.runTick(Minecraft.java:1220)
	at TRANSFORMER/minecraft@1.21.1/net.minecraft.client.Minecraft.run(Minecraft.java:807)
	... 20 more

[22Apr2026 02:26:24.582] [Render thread/FATAL] [net.neoforged.neoforge.common.NeoForgeMod/]: Preparing crash report with UUID bc0c7fdd-9cb6-4943-b35d-5681a4e4746c
[22Apr2026 02:26:24.590] [Render thread/FATAL] [net.neoforged.neoforge.common.NeoForgeMod/]: Preparing crash report with UUID 96cd22a6-aed0-466c-be53-ff789ecc9cbb
